  2024-07-01 18:22:02 App\Events\ClientRemoveBookingTicket ........... RUNNING
  2024-07-01 18:22:02 App\Events\ClientRemoveBookingTicket ........... RUNNING
  2024-07-01 18:22:02 App\Events\ClientRemoveBookingTicket ...... 15.52ms DONE
  2024-07-01 18:22:02 App\Events\ClientRemoveBookingTicket ...... 18.53ms DONE
  2024-07-01 18:23:16 App\Events\ClientBookingTicket ................. RUNNING
  2024-07-01 18:23:16 App\Events\ClientBookingTicket ............. 7.45ms DONE
  2024-07-01 18:23:16 App\Events\ClientBookingTicket ................. RUNNING
  2024-07-01 18:23:16 App\Events\ClientBookingTicket ............ 18.63ms DONE
  2024-07-01 18:28:03 App\Events\ClientRemoveBookingTicket ........... RUNNING
  2024-07-01 18:28:03 App\Events\ClientRemoveBookingTicket ....... 8.71ms DONE
  2024-07-01 18:31:39 App\Events\ClientBookingTicket ................. RUNNING
  2024-07-01 18:31:39 App\Events\ClientBookingTicket ............ 11.44ms DONE
  2024-07-01 18:31:40 App\Events\ClientBookingTicket ................. RUNNING
  2024-07-01 18:31:40 App\Events\ClientBookingTicket ................. RUNNING
  2024-07-01 18:31:40 App\Events\ClientBookingTicket ............. 8.87ms DONE
  2024-07-01 18:31:40 App\Events\ClientBookingTicket ............. 9.14ms DONE
  2024-07-01 18:32:03 App\Events\ClientRemoveBookingTicket ........... RUNNING
  2024-07-01 18:32:03 App\Events\ClientRemoveBookingTicket ...... 14.37ms DONE
  2024-07-01 18:34:23 App\Events\ClientBookingTicket ................. RUNNING
  2024-07-01 18:34:23 App\Events\ClientBookingTicket ............ 12.11ms DONE
  2024-07-01 18:34:24 App\Events\ClientBookingTicket ................. RUNNING
  2024-07-01 18:34:24 App\Events\ClientBookingTicket ............ 12.97ms DONE
  2024-07-01 18:34:49 App\Events\ClientRemoveBookingTicket ........... RUNNING
  2024-07-01 18:34:49 App\Events\ClientRemoveBookingTicket ........... RUNNING
  2024-07-01 18:34:49 App\Events\ClientRemoveBookingTicket ...... 12.70ms DONE
  2024-07-01 18:34:49 App\Events\ClientRemoveBookingTicket ...... 12.19ms DONE
  2024-07-01 18:34:49 App\Events\ClientRemoveBookingTicket ........... RUNNING
  2024-07-01 18:34:49 App\Events\ClientRemoveBookingTicket ....... 6.19ms DONE
  2024-07-01 18:34:50 App\Events\ClientRemoveBookingTicket ........... RUNNING
  2024-07-01 18:34:50 App\Events\ClientRemoveBookingTicket ...... 10.30ms DONE
  2024-07-01 18:34:51 App\Events\ClientRemoveBookingTicket ........... RUNNING
  2024-07-01 18:34:51 App\Events\ClientRemoveBookingTicket ...... 12.78ms DONE
  2024-07-01 18:35:01 App\Events\ClientRemoveBookingTicket ........... RUNNING
  2024-07-01 18:35:01 App\Events\ClientRemoveBookingTicket ....... 8.79ms DONE
  2024-07-01 18:35:03 App\Events\ClientBookingTicket ................. RUNNING
  2024-07-01 18:35:03 App\Events\ClientBookingTicket ............. 5.41ms DONE
  2024-07-01 18:35:04 App\Events\ClientBookingTicket ................. RUNNING
  2024-07-01 18:35:04 App\Events\ClientBookingTicket ............. 6.49ms DONE
  2024-07-01 18:35:15 App\Events\ClientBookingTicket ................. RUNNING
  2024-07-01 18:35:15 App\Events\ClientBookingTicket ............. 7.08ms DONE
  2024-07-01 18:35:16 App\Events\ClientBookingTicket ................. RUNNING
  2024-07-01 18:35:16 App\Events\ClientBookingTicket ............. 7.45ms DONE
  2024-07-01 18:35:22 App\Events\ClientRemoveBookingTicket ........... RUNNING
  2024-07-01 18:35:22 App\Events\ClientRemoveBookingTicket ....... 7.66ms DONE
  2024-07-01 18:35:22 App\Events\ClientRemoveBookingTicket ........... RUNNING
  2024-07-01 18:35:22 App\Events\ClientRemoveBookingTicket ....... 5.78ms DONE
  2024-07-01 18:36:21 App\Events\ClientBookingTicket ................. RUNNING
  2024-07-01 18:36:21 App\Events\ClientBookingTicket ............. 8.16ms DONE
  2024-07-01 18:36:21 App\Events\ClientBookingTicket ................. RUNNING
  2024-07-01 18:36:21 App\Events\ClientBookingTicket ............ 11.70ms DONE
  2024-07-01 18:36:45 App\Events\ClientRemoveBookingTicket ........... RUNNING
  2024-07-01 18:36:45 App\Events\ClientRemoveBookingTicket ...... 13.86ms DONE
  2024-07-01 18:38:26 App\Events\ClientBookingTicket ................. RUNNING
  2024-07-01 18:38:26 App\Events\ClientBookingTicket ............. 8.01ms DONE
  2024-07-01 18:38:27 App\Events\ClientBookingTicket ................. RUNNING
  2024-07-01 18:38:27 App\Events\ClientBookingTicket ............. 6.78ms DONE
  2024-07-01 18:38:27 App\Events\ClientBookingTicket ................. RUNNING
  2024-07-01 18:38:27 App\Events\ClientBookingTicket ............. 4.96ms DONE
  2024-07-01 18:38:39 App\Events\ClientRemoveBookingTicket ........... RUNNING
  2024-07-01 18:38:39 App\Events\ClientRemoveBookingTicket ....... 5.83ms DONE
  2024-07-01 18:38:40 App\Events\ClientRemoveBookingTicket ........... RUNNING
  2024-07-01 18:38:40 App\Events\ClientRemoveBookingTicket ....... 9.43ms DONE
  2024-07-01 18:38:42 App\Events\ClientRemoveBookingTicket ........... RUNNING
  2024-07-01 18:38:42 App\Events\ClientRemoveBookingTicket ....... 5.84ms DONE
  2024-07-01 18:38:44 App\Events\ClientBookingTicket ................. RUNNING
  2024-07-01 18:38:44 App\Events\ClientBookingTicket ............ 12.44ms DONE
  2024-07-01 18:42:11 App\Events\ClientBookingTicket ................. RUNNING
  2024-07-01 18:42:11 App\Events\ClientBookingTicket ............. 7.77ms DONE
  2024-07-01 18:42:11 App\Events\ClientBookingTicket ................. RUNNING
  2024-07-01 18:42:11 App\Events\ClientBookingTicket ............. 9.98ms DONE
  2024-07-01 18:42:11 App\Events\ClientBookingTicket ................. RUNNING
  2024-07-01 18:42:11 App\Events\ClientBookingTicket ............. 7.02ms DONE
  2024-07-01 18:42:35 App\Events\ClientBookingTicket ................. RUNNING
  2024-07-01 18:42:35 App\Events\ClientBookingTicket ............. 6.17ms DONE
  2024-07-01 18:42:35 App\Events\ClientBookingTicket ................. RUNNING
  2024-07-01 18:42:35 App\Events\ClientBookingTicket ............. 5.50ms DONE
  2024-07-01 18:43:21 App\Events\ClientBookingTicket ................. RUNNING
  2024-07-01 18:43:21 App\Events\ClientBookingTicket ............ 15.04ms DONE
  2024-07-01 18:43:23 App\Events\ClientBookingTicket ................. RUNNING
  2024-07-01 18:43:23 App\Events\ClientBookingTicket ............. 6.88ms DONE
  2024-07-01 18:43:27 App\Events\ClientBookingTicket ................. RUNNING
  2024-07-01 18:43:27 App\Events\ClientBookingTicket ............. 5.32ms DONE
  2024-07-01 18:43:38 App\Events\ClientBookingTicket ................. RUNNING
  2024-07-01 18:43:38 App\Events\ClientBookingTicket ............ 11.35ms DONE
  2024-07-01 18:44:14 App\Events\ClientBookingTicket ................. RUNNING
  2024-07-01 18:44:14 App\Events\ClientBookingTicket ............ 12.97ms DONE
  2024-07-01 18:44:14 App\Events\ClientBookingTicket ................. RUNNING
  2024-07-01 18:44:14 App\Events\ClientBookingTicket ............. 7.62ms DONE
  2024-07-01 18:47:02 App\Events\ClientRemoveBookingTicket ........... RUNNING
  2024-07-01 18:47:02 App\Events\ClientRemoveBookingTicket ...... 12.97ms DONE
  2024-07-01 18:48:02 App\Events\ClientRemoveBookingTicket ........... RUNNING
  2024-07-01 18:48:02 App\Events\ClientRemoveBookingTicket ....... 7.91ms DONE
